Login error: NOT NULL constraint failed: user_resource.classification_level
Failed to create audit log for error: NOT NULL constraint failed: user_resource.classification_level
Login error: NOT NULL constraint failed: user_resource.classification_level
Failed to create audit log for error: NOT NULL constraint failed: user_resource.classification_level
Error creating audit log: NOT NULL constraint failed: user_auditlog.department_id
Error creating audit log: NOT NULL constraint failed: user_auditlog.department_id
Login error: 'User' object has no attribute 'departments'
Login error: create_reverse_many_to_one_manager.<locals>.RelatedManager.__call__() missing 1 required keyword-only argument: 'manager'
Login error: create_reverse_many_to_one_manager.<locals>.RelatedManager.__call__() missing 1 required keyword-only argument: 'manager'
Login error: NOT NULL constraint failed: user_resource.classification_level
Failed to create audit log for error: NOT NULL constraint failed: user_resource.classification_level
Login error: NOT NULL constraint failed: user_resource.classification_level
Failed to create audit log for error: cannot access local variable 'login_resource' where it is not associated with a value
Login error: 'LoginView' object has no attribute '_create_audit_log'
Error in device tracking: {'error': ['Device non-compliant'], 'code': ['DEVICE_NON_COMPLIANT'], 'violations': ['Missing security features: firewall, device_encryption, screen_lock, antivirus'], 'required_actions': ['Enable the following security features: firewall, device_encryption, screen_lock, antivirus']}
Login error: {'error': ['Device non-compliant'], 'code': ['DEVICE_NON_COMPLIANT'], 'violations': ['Missing security features: firewall, device_encryption, screen_lock, antivirus'], 'required_actions': ['Enable the following security features: firewall, device_encryption, screen_lock, antivirus']}
Error checking device compliance: 'LoginView' object has no attribute '_check_policy_compliance'
Error in device tracking: {'error': ['Device non-compliant'], 'code': ['DEVICE_NON_COMPLIANT'], 'violations': ['Error checking compliance'], 'required_actions': []}
Login error: {'error': ['Device non-compliant'], 'code': ['DEVICE_NON_COMPLIANT'], 'violations': ['Error checking compliance'], 'required_actions': []}
Error checking device compliance: 'LoginView' object has no attribute '_check_policy_compliance'
Error in device tracking: {'error': ['Device non-compliant'], 'code': ['DEVICE_NON_COMPLIANT'], 'violations': ['Error checking compliance'], 'required_actions': []}
Login error: {'error': ['Device non-compliant'], 'code': ['DEVICE_NON_COMPLIANT'], 'violations': ['Error checking compliance'], 'required_actions': []}
Error in device tracking: {'error': ['Device non-compliant'], 'code': ['DEVICE_NON_COMPLIANT'], 'violations': ['Missing security features: device_encryption, firewall, screen_lock, antivirus'], 'required_actions': ['Enable the following security features: device_encryption, firewall, screen_lock, antivirus']}
Login error: {'error': ['Device non-compliant'], 'code': ['DEVICE_NON_COMPLIANT'], 'violations': ['Missing security features: device_encryption, firewall, screen_lock, antivirus'], 'required_actions': ['Enable the following security features: device_encryption, firewall, screen_lock, antivirus']}
Error in device tracking: {'error': ['Device non-compliant'], 'code': ['DEVICE_NON_COMPLIANT'], 'violations': ['Missing security features: screen_lock, device_encryption, firewall, antivirus'], 'required_actions': ['Enable the following security features: screen_lock, device_encryption, firewall, antivirus']}
Login error: {'error': ['Device non-compliant'], 'code': ['DEVICE_NON_COMPLIANT'], 'violations': ['Missing security features: screen_lock, device_encryption, firewall, antivirus'], 'required_actions': ['Enable the following security features: screen_lock, device_encryption, firewall, antivirus']}
Error in device tracking: {'error': ['Device non-compliant'], 'code': ['DEVICE_NON_COMPLIANT'], 'violations': ['Missing security features: screen_lock, device_encryption, firewall, antivirus'], 'required_actions': ['Enable the following security features: screen_lock, device_encryption, firewall, antivirus']}
Login error: {'error': ['Device non-compliant'], 'code': ['DEVICE_NON_COMPLIANT'], 'violations': ['Missing security features: screen_lock, device_encryption, firewall, antivirus'], 'required_actions': ['Enable the following security features: screen_lock, device_encryption, firewall, antivirus']}
Error in device tracking: {'error': ['Device non-compliant'], 'code': ['DEVICE_NON_COMPLIANT'], 'violations': ['Missing security features: screen_lock, device_encryption, firewall, antivirus'], 'required_actions': ['Enable the following security features: screen_lock, device_encryption, firewall, antivirus']}
Login error: {'error': ['Device non-compliant'], 'code': ['DEVICE_NON_COMPLIANT'], 'violations': ['Missing security features: screen_lock, device_encryption, firewall, antivirus'], 'required_actions': ['Enable the following security features: screen_lock, device_encryption, firewall, antivirus']}
Error in device tracking: {'error': ['Device non-compliant'], 'code': ['DEVICE_NON_COMPLIANT'], 'violations': ['Missing security features: screen_lock, device_encryption, firewall, antivirus'], 'required_actions': ['Enable the following security features: screen_lock, device_encryption, firewall, antivirus']}
Login error: {'error': ['Device non-compliant'], 'code': ['DEVICE_NON_COMPLIANT'], 'violations': ['Missing security features: screen_lock, device_encryption, firewall, antivirus'], 'required_actions': ['Enable the following security features: screen_lock, device_encryption, firewall, antivirus']}
